Incoming inline query "hel" from Yash
Incoming inline query "help" from Yash
Incoming inline query "helpu" from Yash
Incoming inline query "helpuu" from Yash
Incoming inline query "helpuuh" from Yash
Incoming inline query "helpuuh cv" from Yash
Incoming inline query "dhoom" from Yash
Incoming inline query "dhoom" from Yash
Incoming inline query "dho" from Yash
Incoming inline query "dhoomb" from Yash
Incoming inline query "dhoom 3" from Yash
Incoming inline query "dhoom 3s" from Yash (467639225)
Incoming inline query "dhoom 3sb" from Yash (467639225)
Incoming inline query "dhoom 3sbf" from Yash (467639225)
Incoming inline query "dhoom 3sbfc" from Yash (467639225)
Incoming inline query "dhoom 3sbfcf" from Yash (467639225)
Incoming inline query "dhoom 3sbfcfx" from Yash (467639225)
Inline query "dhoom 3" from Yash (467639225)
Inline query "dhoom" from Yash (467639225)
Inline query "dhoom" from Yash (467639225)
Inline query "h" from Yash (467639225)
InlineQuery "he" from Yash (467639225)
InlineQuery "" from Yash (467639225)
Message "/test" from Yash (467639225)
InlineQuery "jel" from Yash (467639225)
InlineQuery "jeljibf" from Yash (467639225)
InlineQuery "" from Yash (467639225)
InlineQuery "i" from Yash (467639225)
InlineQuery "is" from Yash (467639225)
InlineQuery "isi" from Yash (467639225)
InlineQuery "isiwiwjsjsjsiixuxjxjz" from Yash (467639225)
InlineQuery "isiwiwjsjsjsiixuxjxjzj" from Yash (467639225)
InlineQuery "isiwiwjsj" from Yash (467639225)
